[0;36m[2025-10-15 23:28:05] ℹ️  正在清理进程...[0m
[0;32m[2025-10-15 23:28:06] ✅ 清理完成[0m
[0;32m[2025-10-15 23:30:43] ✅ 项目目录检查通过[0m
[0;36m[2025-10-15 23:30:43] ℹ️  检查系统依赖...[0m
[0;32m[2025-10-15 23:30:43] ✅ Android SDK 已安装[0m
[0;32m[2025-10-15 23:30:43] ✅ iOS Simulator 可用[0m
[0;32m[2025-10-15 23:30:43] ✅ 依赖检查完成[0m
[0;36m[2025-10-15 23:30:43] ℹ️  检查 Android 设备...[0m
[0;36m[2025-10-15 23:30:43] ℹ️  发现        1 个 Android 设备[0m
[0;36m[2025-10-15 23:30:43] ℹ️  发现已安装的应用，正在卸载...[0m
[0;32m[2025-10-15 23:30:43] ✅ 旧应用卸载完成[0m
[0;36m[2025-10-15 23:30:43] ℹ️  清理构建缓存...[0m
[0;36m[2025-10-15 23:30:43] ℹ️  清理 Android 构建缓存...[0m
[0;36m[2025-10-15 23:30:45] ℹ️  清理 React Native 缓存...[0m
[0;32m[2025-10-15 23:30:46] ✅ 构建缓存清理完成[0m
[0;36m[2025-10-15 23:30:46] ℹ️  创建环境配置文件...[0m
[0;36m[2025-10-15 23:30:46] ℹ️  后端环境配置文件已存在[0m
[0;36m[2025-10-15 23:30:46] ℹ️  启动 Go 后端服务...[0m
[0;36m[2025-10-15 23:30:46] ℹ️  下载 Go 依赖...[0m
[0;36m[2025-10-15 23:30:46] ℹ️  启动后端服务在端口 8080...[0m
[0;36m[2025-10-15 23:30:46] ℹ️  等待后端服务启动...[0m
[0;32m[2025-10-15 23:30:46] ✅ 后端服务启动成功 (PID: 83437)[0m
[0;36m[2025-10-15 23:30:46] ℹ️  后端 API 地址: http://localhost:8080/api[0m
[0;36m[2025-10-15 23:30:46] ℹ️  健康检查地址: http://localhost:8080/health[0m
[0;36m[2025-10-15 23:30:46] ℹ️  启动 React Native Metro bundler...[0m
[0;36m[2025-10-15 23:30:46] ℹ️  启动 Metro bundler (带 --reset-cache)...[0m
[0;36m[2025-10-15 23:30:46] ℹ️  等待 Metro bundler 启动...[0m
[0;32m[2025-10-15 23:30:51] ✅ Metro bundler 启动成功 (PID: 83457)[0m
[0;36m[2025-10-15 23:30:51] ℹ️  Metro bundler 地址: http://localhost:8081[0m
[0;36m[2025-10-15 23:30:51] ℹ️  启动 Android 应用...[0m
[0;36m[2025-10-15 23:30:51] ℹ️  设置 adb reverse 端口转发...[0m
[0;36m[2025-10-15 23:30:51] ℹ️  构建并安装 Android 应用...[0m
[0;36m[2025-10-15 23:30:51] ℹ️  等待 Android 应用构建完成...[0m
[0;32m[2025-10-15 23:31:13] ✅ Android 应用启动成功[0m
[0;36m[2025-10-15 23:31:13] ℹ️  应用包名: com.gymatesapp[0m
[0;36m[2025-10-15 23:31:13] ℹ️  后端访问地址: http://10.0.2.2:8080[0m
[0;36m[2025-10-15 23:31:13] ℹ️  验证前后端连接...[0m
[0;32m[2025-10-15 23:31:13] ✅ 后端服务运行正常[0m
[0;32m[2025-10-15 23:31:13] ✅ Metro bundler 运行正常[0m
[0;32m[2025-10-15 23:31:13] ✅ 连接验证完成[0m
[0;36m[2025-10-15 23:31:13] ℹ️  服务正在运行中... 按 Ctrl+C 停止[0m
[0;31m[2025-10-15 23:31:14] ❌ 后端服务意外停止[0m
[0;36m[2025-10-15 23:31:14] ℹ️  正在清理进程...[0m
[0;36m[2025-10-15 23:31:14] ℹ️  停止后端服务 (PID: 83437)[0m
[0;36m[2025-10-15 23:31:14] ℹ️  停止 Metro bundler (PID: 83457)[0m
[0;32m[2025-10-15 23:31:14] ✅ 清理完成[0m
[0;32m[2025-10-17 15:55:34] ✅ 项目目录检查通过[0m
[0;36m[2025-10-17 15:55:34] ℹ️  检查系统依赖...[0m
[0;32m[2025-10-17 15:55:34] ✅ Android SDK 已安装[0m
[0;32m[2025-10-17 15:55:34] ✅ iOS Simulator 可用[0m
[0;32m[2025-10-17 15:55:34] ✅ 依赖检查完成[0m
[0;36m[2025-10-17 15:55:34] ℹ️  检查 Android 设备...[0m
[1;33m[2025-10-17 15:55:34] ⚠️  未发现 Android 设备，请确保模拟器已启动[0m
[0;36m[2025-10-17 15:55:34] ℹ️  清理构建缓存...[0m
[0;36m[2025-10-17 15:55:34] ℹ️  清理 Android 构建缓存...[0m
[1;33m[2025-10-17 15:55:40] ⚠️  Android 清理失败[0m
[0;36m[2025-10-17 15:55:40] ℹ️  清理 React Native 缓存...[0m
[0;32m[2025-10-17 15:55:41] ✅ 构建缓存清理完成[0m
[0;36m[2025-10-17 15:55:41] ℹ️  创建环境配置文件...[0m
[0;36m[2025-10-17 15:55:41] ℹ️  后端环境配置文件已存在[0m
[0;36m[2025-10-17 15:55:41] ℹ️  启动 Go 后端服务...[0m
[0;36m[2025-10-17 15:55:41] ℹ️  下载 Go 依赖...[0m
[0;36m[2025-10-17 15:55:41] ℹ️  启动后端服务在端口 8080...[0m
[0;36m[2025-10-17 15:55:41] ℹ️  等待后端服务启动...[0m
[0;32m[2025-10-17 15:55:41] ✅ 后端服务启动成功 (PID: 43436)[0m
[0;36m[2025-10-17 15:55:41] ℹ️  后端 API 地址: http://localhost:8080/api[0m
[0;36m[2025-10-17 15:55:41] ℹ️  健康检查地址: http://localhost:8080/health[0m
[0;36m[2025-10-17 15:55:41] ℹ️  启动 React Native Metro bundler...[0m
[0;36m[2025-10-17 15:55:41] ℹ️  启动 Metro bundler (带 --reset-cache)...[0m
[0;36m[2025-10-17 15:55:41] ℹ️  等待 Metro bundler 启动...[0m
[0;31m[2025-10-17 15:55:46] ❌ Metro bundler 启动失败，请检查日志: /Users/gaojie/Desktop/gymates/logs/frontend.log[0m
[0;36m[2025-10-17 15:55:46] ℹ️  正在清理进程...[0m
[0;36m[2025-10-17 15:55:46] ℹ️  停止后端服务 (PID: 43436)[0m
[0;36m[2025-10-17 15:55:46] ℹ️  停止 Metro bundler (PID: 43456)[0m
[0;32m[2025-10-17 15:55:46] ✅ 清理完成[0m
[0;32m[2025-10-17 15:58:19] ✅ 项目目录检查通过[0m
[0;36m[2025-10-17 15:58:19] ℹ️  检查系统依赖...[0m
[0;32m[2025-10-17 15:58:19] ✅ Android SDK 已安装[0m
[0;32m[2025-10-17 15:58:19] ✅ iOS Simulator 可用[0m
[0;32m[2025-10-17 15:58:19] ✅ 依赖检查完成[0m
[0;36m[2025-10-17 15:58:19] ℹ️  检查 Android 设备...[0m
[0;36m[2025-10-17 15:58:19] ℹ️  发现        1 个 Android 设备[0m
[0;36m[2025-10-17 15:58:19] ℹ️  未发现已安装的应用[0m
[0;36m[2025-10-17 15:58:19] ℹ️  清理构建缓存...[0m
[0;36m[2025-10-17 15:58:19] ℹ️  清理 Android 构建缓存...[0m
[1;33m[2025-10-17 15:58:21] ⚠️  Android 清理失败[0m
[0;36m[2025-10-17 15:58:21] ℹ️  清理 React Native 缓存...[0m
[0;32m[2025-10-17 15:58:22] ✅ 构建缓存清理完成[0m
[0;36m[2025-10-17 15:58:22] ℹ️  创建环境配置文件...[0m
[0;36m[2025-10-17 15:58:22] ℹ️  后端环境配置文件已存在[0m
[0;36m[2025-10-17 15:58:22] ℹ️  启动 Go 后端服务...[0m
[0;36m[2025-10-17 15:58:22] ℹ️  下载 Go 依赖...[0m
[0;36m[2025-10-17 15:58:22] ℹ️  启动后端服务在端口 8080...[0m
[0;36m[2025-10-17 15:58:22] ℹ️  等待后端服务启动...[0m
[0;32m[2025-10-17 15:58:23] ✅ 后端服务启动成功 (PID: 43864)[0m
[0;36m[2025-10-17 15:58:23] ℹ️  后端 API 地址: http://localhost:8080/api[0m
[0;36m[2025-10-17 15:58:23] ℹ️  健康检查地址: http://localhost:8080/health[0m
[0;36m[2025-10-17 15:58:23] ℹ️  启动 React Native Metro bundler...[0m
[0;36m[2025-10-17 15:58:23] ℹ️  启动 Metro bundler (带 --reset-cache)...[0m
[0;36m[2025-10-17 15:58:23] ℹ️  等待 Metro bundler 启动...[0m
[0;32m[2025-10-17 15:58:28] ✅ Metro bundler 启动成功 (PID: 43892)[0m
[0;36m[2025-10-17 15:58:28] ℹ️  Metro bundler 地址: http://localhost:8081[0m
[0;36m[2025-10-17 15:58:28] ℹ️  启动 Android 应用...[0m
[0;36m[2025-10-17 15:58:28] ℹ️  启动 iOS 应用...[0m
[0;36m[2025-10-17 15:58:28] ℹ️  设置 adb reverse 端口转发...[0m
[0;36m[2025-10-17 15:58:28] ℹ️  构建并安装 Android 应用...[0m
[0;36m[2025-10-17 15:58:28] ℹ️  等待 Android 应用构建完成...[0m
[1;33m[2025-10-17 15:58:29] ⚠️  未发现启动的 iOS 模拟器，正在启动默认模拟器...[0m
[0;36m[2025-10-17 15:58:29] ℹ️  启动模拟器: Shutdown[0m
[1;33m[2025-10-17 15:58:29] ⚠️  模拟器启动失败[0m
[0;36m[2025-10-17 15:58:34] ℹ️  构建并安装 iOS 应用...[0m
[0;36m[2025-10-17 15:58:34] ℹ️  等待 iOS 应用构建完成...[0m
[0;36m[2025-10-17 17:08:35] ℹ️  验证前后端连接...[0m
[0;32m[2025-10-17 17:08:36] ✅ 后端服务运行正常[0m
[1;33m[2025-10-17 17:08:36] ⚠️  Metro bundler 连接检查失败[0m
[0;32m[2025-10-17 17:08:36] ✅ 连接验证完成[0m
[0;36m[2025-10-17 17:08:36] ℹ️  服务正在运行中... 按 Ctrl+C 停止[0m
[0;31m[2025-10-17 17:08:37] ❌ 后端服务意外停止[0m
[0;36m[2025-10-17 17:08:37] ℹ️  正在清理进程...[0m
[0;36m[2025-10-17 17:08:37] ℹ️  停止后端服务 (PID: 43864)[0m
[0;36m[2025-10-17 17:08:37] ℹ️  停止 Metro bundler (PID: 43892)[0m
[0;32m[2025-10-17 17:08:37] ✅ 清理完成[0m
[0;32m[2025-10-17 17:08:45] ✅ 项目目录检查通过[0m
[0;36m[2025-10-17 17:08:45] ℹ️  检查系统依赖...[0m
[0;32m[2025-10-17 17:08:45] ✅ Android SDK 已安装[0m
[0;32m[2025-10-17 17:08:45] ✅ iOS Simulator 可用[0m
[0;32m[2025-10-17 17:08:45] ✅ 依赖检查完成[0m
[0;36m[2025-10-17 17:08:45] ℹ️  检查 Android 设备...[0m
[0;36m[2025-10-17 17:08:45] ℹ️  发现        1 个 Android 设备[0m
[0;36m[2025-10-17 17:08:45] ℹ️  未发现已安装的应用[0m
[0;36m[2025-10-17 17:08:45] ℹ️  清理构建缓存...[0m
[0;36m[2025-10-17 17:08:45] ℹ️  清理 Android 构建缓存...[0m
[1;33m[2025-10-17 17:08:49] ⚠️  Android 清理失败[0m
[0;36m[2025-10-17 17:08:49] ℹ️  清理 React Native 缓存...[0m
[0;32m[2025-10-17 17:08:49] ✅ 构建缓存清理完成[0m
[0;36m[2025-10-17 17:08:49] ℹ️  创建环境配置文件...[0m
[0;36m[2025-10-17 17:08:49] ℹ️  后端环境配置文件已存在[0m
[0;36m[2025-10-17 17:08:49] ℹ️  启动 Go 后端服务...[0m
[0;36m[2025-10-17 17:08:49] ℹ️  下载 Go 依赖...[0m
[0;36m[2025-10-17 17:08:50] ℹ️  启动后端服务在端口 8080...[0m
[0;36m[2025-10-17 17:08:50] ℹ️  等待后端服务启动...[0m
[0;32m[2025-10-17 17:08:51] ✅ 后端服务启动成功 (PID: 65341)[0m
[0;36m[2025-10-17 17:08:51] ℹ️  后端 API 地址: http://localhost:8080/api[0m
[0;36m[2025-10-17 17:08:51] ℹ️  健康检查地址: http://localhost:8080/health[0m
[0;36m[2025-10-17 17:08:51] ℹ️  启动 React Native Metro bundler...[0m
[0;36m[2025-10-17 17:08:51] ℹ️  启动 Metro bundler (带 --reset-cache)...[0m
[0;36m[2025-10-17 17:08:51] ℹ️  等待 Metro bundler 启动...[0m
[0;32m[2025-10-17 17:08:56] ✅ Metro bundler 启动成功 (PID: 65375)[0m
[0;36m[2025-10-17 17:08:56] ℹ️  Metro bundler 地址: http://localhost:8081[0m
[0;36m[2025-10-17 17:08:56] ℹ️  启动 Android 应用...[0m
[0;36m[2025-10-17 17:08:56] ℹ️  设置 adb reverse 端口转发...[0m
[0;36m[2025-10-17 17:08:56] ℹ️  构建并安装 Android 应用...[0m
[0;36m[2025-10-17 17:08:56] ℹ️  等待 Android 应用构建完成...[0m
[0;36m[2025-10-17 17:08:59] ℹ️  正在清理进程...[0m
[0;36m[2025-10-17 17:08:59] ℹ️  停止后端服务 (PID: 65341)[0m
[0;36m[2025-10-17 17:08:59] ℹ️  停止 Metro bundler (PID: 65375)[0m
[0;32m[2025-10-17 17:08:59] ✅ 清理完成[0m
[0;32m[2025-10-17 17:10:57] ✅ 项目目录检查通过[0m
[0;36m[2025-10-17 17:10:57] ℹ️  检查系统依赖...[0m
[0;32m[2025-10-17 17:10:57] ✅ Android SDK 已安装[0m
[0;32m[2025-10-17 17:10:57] ✅ iOS Simulator 可用[0m
[0;32m[2025-10-17 17:10:57] ✅ 依赖检查完成[0m
[0;36m[2025-10-17 17:10:57] ℹ️  检查 Android 设备...[0m
[0;36m[2025-10-17 17:10:57] ℹ️  发现        1 个 Android 设备[0m
[0;36m[2025-10-17 17:10:57] ℹ️  未发现已安装的应用[0m
[0;36m[2025-10-17 17:10:57] ℹ️  清理构建缓存...[0m
[0;36m[2025-10-17 17:10:57] ℹ️  清理 Android 构建缓存...[0m
[1;33m[2025-10-17 17:12:46] ⚠️  Android 清理失败[0m
[0;36m[2025-10-17 17:12:46] ℹ️  清理 React Native 缓存...[0m
[0;32m[2025-10-17 17:12:47] ✅ 构建缓存清理完成[0m
[0;36m[2025-10-17 17:12:47] ℹ️  创建环境配置文件...[0m
[0;36m[2025-10-17 17:12:47] ℹ️  后端环境配置文件已存在[0m
[0;36m[2025-10-17 17:12:47] ℹ️  启动 Go 后端服务...[0m
[0;36m[2025-10-17 17:12:47] ℹ️  下载 Go 依赖...[0m
[0;36m[2025-10-17 17:12:47] ℹ️  启动后端服务在端口 8080...[0m
[0;36m[2025-10-17 17:12:47] ℹ️  等待后端服务启动...[0m
[0;32m[2025-10-17 17:12:47] ✅ 后端服务启动成功 (PID: 67812)[0m
[0;36m[2025-10-17 17:12:47] ℹ️  后端 API 地址: http://localhost:8080/api[0m
[0;36m[2025-10-17 17:12:47] ℹ️  健康检查地址: http://localhost:8080/health[0m
[0;36m[2025-10-17 17:12:47] ℹ️  启动 React Native Metro bundler...[0m
[0;36m[2025-10-17 17:12:47] ℹ️  启动 Metro bundler (带 --reset-cache)...[0m
[0;36m[2025-10-17 17:12:47] ℹ️  等待 Metro bundler 启动...[0m
[0;31m[2025-10-17 17:12:52] ❌ Metro bundler 启动失败，请检查日志: /Users/gaojie/Desktop/gymates/logs/frontend.log[0m
[0;36m[2025-10-17 17:12:52] ℹ️  正在清理进程...[0m
[0;36m[2025-10-17 17:12:52] ℹ️  停止后端服务 (PID: 67812)[0m
[0;36m[2025-10-17 17:12:52] ℹ️  停止 Metro bundler (PID: 67832)[0m
[0;32m[2025-10-17 17:12:52] ✅ 清理完成[0m
[0;32m[2025-10-17 23:50:53] ✅ 项目目录检查通过[0m
[0;36m[2025-10-17 23:50:53] ℹ️  检查系统依赖...[0m
[0;32m[2025-10-17 23:50:53] ✅ Android SDK 已安装[0m
[0;32m[2025-10-17 23:50:53] ✅ iOS Simulator 可用[0m
[0;32m[2025-10-17 23:50:53] ✅ 依赖检查完成[0m
[0;36m[2025-10-17 23:50:53] ℹ️  检查 Android 设备...[0m
[0;36m[2025-10-17 23:50:53] ℹ️  发现        1 个 Android 设备[0m
[0;36m[2025-10-17 23:50:53] ℹ️  发现已安装的应用，正在卸载...[0m
[0;32m[2025-10-17 23:50:53] ✅ 旧应用卸载完成[0m
[0;36m[2025-10-17 23:50:53] ℹ️  清理构建缓存...[0m
[0;36m[2025-10-17 23:50:53] ℹ️  清理 Android 构建缓存...[0m
[0;32m[2025-10-17 23:51:46] ✅ 项目目录检查通过[0m
[0;36m[2025-10-17 23:51:46] ℹ️  检查系统依赖...[0m
[0;32m[2025-10-17 23:51:46] ✅ Android SDK 已安装[0m
[0;32m[2025-10-17 23:51:46] ✅ iOS Simulator 可用[0m
[0;32m[2025-10-17 23:51:46] ✅ 依赖检查完成[0m
[0;36m[2025-10-17 23:51:46] ℹ️  检查 Android 设备...[0m
[0;36m[2025-10-17 23:51:46] ℹ️  发现        1 个 Android 设备[0m
[0;36m[2025-10-17 23:51:46] ℹ️  发现已安装的应用，正在卸载...[0m
[1;33m[2025-10-17 23:51:46] ⚠️  卸载失败，可能应用不存在[0m
[0;32m[2025-10-17 23:51:46] ✅ 旧应用卸载完成[0m
[0;36m[2025-10-17 23:51:46] ℹ️  清理构建缓存...[0m
[0;36m[2025-10-17 23:51:46] ℹ️  清理 Android 构建缓存...[0m
[1;33m[2025-10-17 23:52:06] ⚠️  Android 清理失败[0m
[0;36m[2025-10-17 23:52:06] ℹ️  清理 React Native 缓存...[0m
[0;32m[2025-10-17 23:52:07] ✅ 构建缓存清理完成[0m
[0;36m[2025-10-17 23:52:07] ℹ️  创建环境配置文件...[0m
[0;36m[2025-10-17 23:52:07] ℹ️  后端环境配置文件已存在[0m
[0;36m[2025-10-17 23:52:07] ℹ️  启动 Go 后端服务...[0m
[0;36m[2025-10-17 23:52:07] ℹ️  下载 Go 依赖...[0m
[0;36m[2025-10-17 23:52:07] ℹ️  启动后端服务在端口 8080...[0m
[0;36m[2025-10-17 23:52:07] ℹ️  等待后端服务启动...[0m
[0;32m[2025-10-17 23:52:08] ✅ 后端服务启动成功 (PID: 39891)[0m
[0;36m[2025-10-17 23:52:08] ℹ️  后端 API 地址: http://localhost:8080/api[0m
[0;36m[2025-10-17 23:52:08] ℹ️  健康检查地址: http://localhost:8080/health[0m
[0;36m[2025-10-17 23:52:08] ℹ️  启动 React Native Metro bundler...[0m
[0;36m[2025-10-17 23:52:08] ℹ️  启动 Metro bundler (带 --reset-cache)...[0m
[0;36m[2025-10-17 23:52:08] ℹ️  等待 Metro bundler 启动...[0m
[0;31m[2025-10-17 23:52:13] ❌ Metro bundler 启动失败，请检查日志: /Users/gaojie/Desktop/gymates/logs/frontend.log[0m
[0;36m[2025-10-17 23:52:13] ℹ️  正在清理进程...[0m
[0;36m[2025-10-17 23:52:13] ℹ️  停止后端服务 (PID: 39891)[0m
[0;36m[2025-10-17 23:52:13] ℹ️  停止 Metro bundler (PID: 39926)[0m
[0;32m[2025-10-17 23:52:13] ✅ 清理完成[0m
[1;33m[2025-10-17 23:55:51] ⚠️  Android 清理失败[0m
[0;36m[2025-10-17 23:55:51] ℹ️  清理 React Native 缓存...[0m
[0;32m[2025-10-17 23:55:52] ✅ 构建缓存清理完成[0m
[0;36m[2025-10-17 23:55:52] ℹ️  创建环境配置文件...[0m
[0;36m[2025-10-17 23:55:52] ℹ️  后端环境配置文件已存在[0m
[0;36m[2025-10-17 23:55:52] ℹ️  启动 Go 后端服务...[0m
[0;36m[2025-10-17 23:55:52] ℹ️  下载 Go 依赖...[0m
[0;36m[2025-10-17 23:55:52] ℹ️  启动后端服务在端口 8080...[0m
[0;36m[2025-10-17 23:55:52] ℹ️  等待后端服务启动...[0m
[0;32m[2025-10-17 23:55:52] ✅ 后端服务启动成功 (PID: 41173)[0m
[0;36m[2025-10-17 23:55:52] ℹ️  后端 API 地址: http://localhost:8080/api[0m
[0;36m[2025-10-17 23:55:52] ℹ️  健康检查地址: http://localhost:8080/health[0m
[0;36m[2025-10-17 23:55:52] ℹ️  启动 React Native Metro bundler...[0m
[0;36m[2025-10-17 23:55:52] ℹ️  启动 Metro bundler (带 --reset-cache)...[0m
[0;36m[2025-10-17 23:55:52] ℹ️  等待 Metro bundler 启动...[0m
[0;31m[2025-10-17 23:55:57] ❌ Metro bundler 启动失败，请检查日志: /Users/gaojie/Desktop/gymates/logs/frontend.log[0m
[0;36m[2025-10-17 23:55:57] ℹ️  正在清理进程...[0m
[0;36m[2025-10-17 23:55:57] ℹ️  停止后端服务 (PID: 41173)[0m
[0;36m[2025-10-17 23:55:57] ℹ️  停止 Metro bundler (PID: 41194)[0m
[0;32m[2025-10-17 23:55:57] ✅ 清理完成[0m
